Flow report for combolock
Thu Nov 16 12:06:04 2023
Quartus Prime Version 22.1std.2 Build 922 07/20/2023 SC Standard Edition


---------------------
; Table of Contents ;
---------------------
  1. Legal Notice
  2. Flow Summary
  3. Flow Settings
  4. Flow Non-Default Global Settings
  5. Flow Elapsed Time
  6. Flow OS Summary
  7. Flow Log
  8. Flow Messages
  9. Flow Suppressed Messages



----------------
; Legal Notice ;
----------------
Copyright (C) 2023  Intel Corporation. All rights reserved.
Your use of Intel Corporation's design tools, logic functions 
and other software and tools, and any partner logic 
functions, and any output files from any of the foregoing 
(including device programming or simulation files), and any 
associated documentation or information are expressly subject 
to the terms and conditions of the Intel Program License 
Subscription Agreement, the Intel Quartus Prime License Agreement,
the Intel FPGA IP License Agreement, or other applicable license
agreement, including, without limitation, that your use is for
the sole purpose of programming logic devices manufactured by
Intel and sold by Intel or its authorized distributors.  Please
refer to the applicable agreement for further details, at
https://fpgasoftware.intel.com/eula.



+--------------------------------------------------------------------------------------+
; Flow Summary                                                                         ;
+---------------------------------+----------------------------------------------------+
; Flow Status                     ; Successful - Thu Nov 16 12:06:04 2023              ;
; Quartus Prime Version           ; 22.1std.2 Build 922 07/20/2023 SC Standard Edition ;
; Revision Name                   ; combolock                                          ;
; Top-level Entity Name           ; combolock                                          ;
; Family                          ; Cyclone V                                          ;
; Device                          ; 5CSEMA5F31C6                                       ;
; Timing Models                   ; Final                                              ;
; Logic utilization (in ALMs)     ; 19 / 32,070 ( < 1 % )                              ;
; Total registers                 ; 13                                                 ;
; Total pins                      ; 18 / 457 ( 4 % )                                   ;
; Total virtual pins              ; 0                                                  ;
; Total block memory bits         ; 0 / 4,065,280 ( 0 % )                              ;
; Total DSP Blocks                ; 0 / 87 ( 0 % )                                     ;
; Total HSSI RX PCSs              ; 0                                                  ;
; Total HSSI PMA RX Deserializers ; 0                                                  ;
; Total HSSI TX PCSs              ; 0                                                  ;
; Total HSSI PMA TX Serializers   ; 0                                                  ;
; Total PLLs                      ; 0 / 6 ( 0 % )                                      ;
; Total DLLs                      ; 0 / 4 ( 0 % )                                      ;
+---------------------------------+----------------------------------------------------+


+-----------------------------------------+
; Flow Settings                           ;
+-------------------+---------------------+
; Option            ; Setting             ;
+-------------------+---------------------+
; Start date & time ; 11/16/2023 11:46:58 ;
; Main task         ; Compilation         ;
; Revision Name     ; combolock           ;
+-------------------+---------------------+


+------------------------------------------------------------------------------------------------------------------------------------------------+
; Flow Non-Default Global Settings                                                                                                               ;
+-------------------------------------+----------------------------------------+---------------+-------------+-----------------------------------+
; Assignment Name                     ; Value                                  ; Default Value ; Entity Name ; Section Id                        ;
+-------------------------------------+----------------------------------------+---------------+-------------+-----------------------------------+
; COMPILER_SIGNATURE_ID               ; 24062491136.170015321833096            ; --            ; --          ; --                                ;
; EDA_GENERATE_FUNCTIONAL_NETLIST     ; Off                                    ; --            ; --          ; eda_board_design_timing           ;
; EDA_GENERATE_FUNCTIONAL_NETLIST     ; Off                                    ; --            ; --          ; eda_board_design_boundary_scan    ;
; EDA_GENERATE_FUNCTIONAL_NETLIST     ; Off                                    ; --            ; --          ; eda_board_design_signal_integrity ;
; EDA_GENERATE_FUNCTIONAL_NETLIST     ; Off                                    ; --            ; --          ; eda_board_design_symbol           ;
; EDA_OUTPUT_DATA_FORMAT              ; Verilog Hdl                            ; --            ; --          ; eda_simulation                    ;
; EDA_SIMULATION_TOOL                 ; Questa Intel FPGA (Verilog)            ; <None>        ; --          ; --                                ;
; EDA_TIME_SCALE                      ; 1 ps                                   ; --            ; --          ; eda_simulation                    ;
; MAX_CORE_JUNCTION_TEMP              ; 85                                     ; --            ; --          ; --                                ;
; MIN_CORE_JUNCTION_TEMP              ; 0                                      ; --            ; --          ; --                                ;
; NUM_PARALLEL_PROCESSORS             ; 2                                      ; --            ; --          ; --                                ;
; PARTITION_COLOR                     ; -- (Not supported for targeted family) ; --            ; --          ; Top                               ;
; PARTITION_FITTER_PRESERVATION_LEVEL ; -- (Not supported for targeted family) ; --            ; --          ; Top                               ;
; PARTITION_NETLIST_TYPE              ; -- (Not supported for targeted family) ; --            ; --          ; Top                               ;
; POWER_BOARD_THERMAL_MODEL           ; None (CONSERVATIVE)                    ; --            ; --          ; --                                ;
; POWER_PRESET_COOLING_SOLUTION       ; 23 MM HEAT SINK WITH 200 LFPM AIRFLOW  ; --            ; --          ; --                                ;
; PROJECT_OUTPUT_DIRECTORY            ; output_files                           ; --            ; --          ; --                                ;
+-------------------------------------+----------------------------------------+---------------+-------------+-----------------------------------+


+--------------------------------------------------------------------------------------------------------------------------+
; Flow Elapsed Time                                                                                                        ;
+----------------------+--------------+-------------------------+---------------------+------------------------------------+
; Module Name          ; Elapsed Time ; Average Processors Used ; Peak Virtual Memory ; Total CPU Time (on all processors) ;
+----------------------+--------------+-------------------------+---------------------+------------------------------------+
; Analysis & Synthesis ; 00:00:10     ; 1.0                     ; 4815 MB             ; 00:00:06                           ;
; Fitter               ; 00:00:33     ; 1.0                     ; 6163 MB             ; 00:00:21                           ;
; Assembler            ; 00:00:07     ; 1.0                     ; 4894 MB             ; 00:00:02                           ;
; Timing Analyzer      ; 00:00:04     ; 1.0                     ; 5112 MB             ; 00:00:02                           ;
; EDA Netlist Writer   ; 00:00:01     ; 1.0                     ; 4743 MB             ; 00:00:00                           ;
; EDA Netlist Writer   ; 00:00:01     ; 1.0                     ; 4742 MB             ; 00:00:00                           ;
; EDA Netlist Writer   ; 00:00:01     ; 1.0                     ; 4742 MB             ; 00:00:00                           ;
; Total                ; 00:00:57     ; --                      ; --                  ; 00:00:31                           ;
+----------------------+--------------+-------------------------+---------------------+------------------------------------+


+------------------------------------------------------------------------------------+
; Flow OS Summary                                                                    ;
+----------------------+------------------+------------+------------+----------------+
; Module Name          ; Machine Hostname ; OS Name    ; OS Version ; Processor type ;
+----------------------+------------------+------------+------------+----------------+
; Analysis & Synthesis ; KYLE-LAPTOP      ; Windows 10 ; 10.0       ; x86_64         ;
; Fitter               ; KYLE-LAPTOP      ; Windows 10 ; 10.0       ; x86_64         ;
; Assembler            ; KYLE-LAPTOP      ; Windows 10 ; 10.0       ; x86_64         ;
; Timing Analyzer      ; KYLE-LAPTOP      ; Windows 10 ; 10.0       ; x86_64         ;
; EDA Netlist Writer   ; KYLE-LAPTOP      ; Windows 10 ; 10.0       ; x86_64         ;
; EDA Netlist Writer   ; KYLE-LAPTOP      ; Windows 10 ; 10.0       ; x86_64         ;
; EDA Netlist Writer   ; KYLE-LAPTOP      ; Windows 10 ; 10.0       ; x86_64         ;
+----------------------+------------------+------------+------------+----------------+


------------
; Flow Log ;
------------
quartus_map --read_settings_files=on --write_settings_files=off combolock -c combolock
quartus_fit --read_settings_files=off --write_settings_files=off combolock -c combolock
quartus_asm --read_settings_files=off --write_settings_files=off combolock -c combolock
quartus_sta combolock -c combolock
quartus_eda --read_settings_files=off --write_settings_files=off combolock -c combolock
quartus_eda --gen_testbench --tool=modelsim_oem --format=verilog --write_settings_files=off combolock -c combolock --vector_source="C:/Users/User/Desktop/2DA4 LABS/LAB 4/combolock/Waveform.vwf" --testbench_file="C:/Users/User/Desktop/2DA4 LABS/LAB 4/combolock/simulation/qsim/Waveform.vwf.vt"
quartus_eda --write_settings_files=off --simulation=on --functional=on --flatten_buses=off --tool=modelsim_oem --format=verilog --output_directory="C:/Users/User/Desktop/2DA4 LABS/LAB 4/combolock/simulation/qsim/" combolock -c combolock



